<?xml version="1.0" encoding="UTF-8"?>
<testsuite name="util.BrushUtilsTest" tests="1" skipped="0" failures="0" errors="0" timestamp="2024-02-09T06:05:58" hostname="CARROCA" time="0.002">
  <properties/>
  <testcase name="when_CallingGetBrushItems_Expect_CorrectBrushItemsReturned" classname="util.BrushUtilsTest" time="0.002"/>
  <system-out><![CDATA[]]></system-out>
  <system-err><![CDATA[]]></system-err>
</testsuite>
